<?xml version="1.0" encoding="UTF-8"?>
<!-- Generated by org.testng.reporters.JUnitReportReporter -->
<testsuite hostname="Surprise" name="com.example.tests.GroupCreationTestNG" tests="2" failures="0" timestamp="20 May 2014 10:24:23 GMT" time="1.610" errors="0">
  <testcase name="testGroupCreationNotEmpty" time="0.840" classname="com.example.tests.GroupCreationTestNG"/>
  <testcase name="testGroupCreationEmpty" time="0.770" classname="com.example.tests.GroupCreationTestNG"/>
</testsuite> <!-- com.example.tests.GroupCreationTestNG -->
