<?xml version="1.0" encoding="UTF-8"?>
<!-- Generated by org.testng.reporters.JUnitReportReporter -->
<testsuite hostname="Surprise" name="com.example.tests.GroupCreationTestNG" tests="2" failures="0" timestamp="19 May 2014 11:20:32 GMT" time="1.860" errors="0">
  <testcase name="testGroupCreationNotEmpty" time="0.920" classname="com.example.tests.GroupCreationTestNG"/>
  <testcase name="testGroupCreationEmpty" time="0.940" classname="com.example.tests.GroupCreationTestNG"/>
</testsuite> <!-- com.example.tests.GroupCreationTestNG -->
