<?xml version="1.0" encoding="UTF-8"?>
<!-- Generated by org.testng.reporters.JUnitReportReporter -->
<testsuite hostname="Surprise" name="com.example.tests.AlsoGroupCreationTestNG" tests="2" failures="0" timestamp="16 May 2014 11:32:28 GMT" time="2.703" errors="0">
  <testcase name="testGroupCreationNotEmpty" time="1.384" classname="com.example.tests.AlsoGroupCreationTestNG"/>
  <testcase name="testGroupCreationEmpty" time="1.319" classname="com.example.tests.AlsoGroupCreationTestNG"/>
</testsuite> <!-- com.example.tests.AlsoGroupCreationTestNG -->
