<?xml version="1.0" encoding="UTF-8"?>
<!-- Generated by org.testng.reporters.JUnitReportReporter -->
<testsuite hostname="Surprise" name="com.example.tests.ContactCreationTestNG" tests="2" failures="0" timestamp="28 May 2014 06:11:30 GMT" time="3.186" errors="0">
  <testcase name="testGroupCreationEmpty" time="0.766" classname="com.example.tests.ContactCreationTestNG"/>
  <testcase name="testContactCreation" time="2.420" classname="com.example.tests.ContactCreationTestNG"/>
</testsuite> <!-- com.example.tests.ContactCreationTestNG -->
