<?xml version="1.0" encoding="UTF-8"?>
<!-- Generated by org.testng.reporters.JUnitReportReporter -->
<testsuite hostname="Surprise" name="com.example.tests.GroupCreationTestNG" tests="2" failures="0" timestamp="28 May 2014 05:55:21 GMT" time="2.491" errors="0">
  <testcase name="testGroupCreationEmpty" time="1.204" classname="com.example.tests.GroupCreationTestNG"/>
  <testcase name="testGroupCreationNotEmpty" time="1.287" classname="com.example.tests.GroupCreationTestNG"/>
</testsuite> <!-- com.example.tests.GroupCreationTestNG -->
