<?xml version="1.0" encoding="UTF-8"?>
<!-- Generated by org.testng.reporters.JUnitReportReporter -->
<<<<<<< HEAD
<testsuite hostname="Surprise" name="com.example.tests.GroupCreationTestNG" tests="2" failures="0" timestamp="27 May 2014 10:50:20 GMT" time="1.717" errors="0">
  <testcase name="testGroupCreationEmpty" time="0.899" classname="com.example.tests.GroupCreationTestNG"/>
  <testcase name="testGroupCreationNotEmpty" time="0.818" classname="com.example.tests.GroupCreationTestNG"/>
=======
<testsuite hostname="Surprise" name="com.example.tests.GroupCreationTestNG" tests="2" failures="0" timestamp="20 May 2014 10:24:23 GMT" time="1.610" errors="0">
  <testcase name="testGroupCreationNotEmpty" time="0.840" classname="com.example.tests.GroupCreationTestNG"/>
  <testcase name="testGroupCreationEmpty" time="0.770" classname="com.example.tests.GroupCreationTestNG"/>
>>>>>>> 65a0e824a7807548070fd069ba7fafe861df5631
</testsuite> <!-- com.example.tests.GroupCreationTestNG -->
