<?xml version="1.0" encoding="UTF-8"?>
<!-- Generated by org.testng.reporters.JUnitReportReporter -->
<testsuite hostname="Surprise" name="com.example.tests.ContactCreationTestNG" tests="2" failures="0" timestamp="20 May 2014 10:24:23 GMT" time="4.133" errors="0">
  <testcase name="testGroupCreationEmpty" time="0.840" classname="com.example.tests.ContactCreationTestNG"/>
  <testcase name="testContactCreation" time="3.293" classname="com.example.tests.ContactCreationTestNG"/>
</testsuite> <!-- com.example.tests.ContactCreationTestNG -->
