<?xml version="1.0" encoding="UTF-8"?>
<!-- Generated by org.testng.reporters.JUnitReportReporter -->
<testsuite hostname="Surprise" name="com.example.tests.ContactCreationTestNG" tests="2" failures="0" timestamp="27 May 2014 10:50:20 GMT" time="3.641" errors="0">
  <testcase name="testGroupCreationEmpty" time="0.771" classname="com.example.tests.ContactCreationTestNG"/>
  <testcase name="testContactCreation" time="2.870" classname="com.example.tests.ContactCreationTestNG"/>
</testsuite> <!-- com.example.tests.ContactCreationTestNG -->
