<?xml version="1.0" encoding="UTF-8"?>
<!-- Generated by org.testng.reporters.JUnitReportReporter -->
<testsuite hostname="Surprise" name="com.example.tests.GroupCreationTestNG" tests="2" failures="0" timestamp="29 May 2014 08:38:56 GMT" time="1.782" errors="0">
  <testcase name="testGroupCreationEmpty" time="0.832" classname="com.example.tests.GroupCreationTestNG"/>
  <testcase name="testGroupCreationNotEmpty" time="0.950" classname="com.example.tests.GroupCreationTestNG"/>
</testsuite> <!-- com.example.tests.GroupCreationTestNG -->
