<?xml version="1.0" encoding="UTF-8"?>
<!-- Generated by org.testng.reporters.JUnitReportReporter -->
<testsuite hostname="Surprise" name="com.example.tests.ContactCreationTestNG" tests="2" failures="0" timestamp="19 May 2014 11:20:32 GMT" time="3.359" errors="0">
  <testcase name="testContactCreation" time="2.617" classname="com.example.tests.ContactCreationTestNG"/>
  <testcase name="testGroupCreationEmpty" time="0.742" classname="com.example.tests.ContactCreationTestNG"/>
</testsuite> <!-- com.example.tests.ContactCreationTestNG -->
