<?xml version="1.0" encoding="UTF-8"?>
<!-- Generated by org.testng.reporters.JUnitReportReporter -->
<testsuite hostname="Surprise" name="com.example.tests.GroupCreationTestNG" tests="2" failures="0" timestamp="27 May 2014 10:50:20 GMT" time="1.717" errors="0">
  <testcase name="testGroupCreationEmpty" time="0.899" classname="com.example.tests.GroupCreationTestNG"/>
  <testcase name="testGroupCreationNotEmpty" time="0.818" classname="com.example.tests.GroupCreationTestNG"/>
</testsuite> <!-- com.example.tests.GroupCreationTestNG -->
