<?xml version="1.0" encoding="UTF-8"?>
<!-- Generated by org.testng.reporters.JUnitReportReporter -->
<testsuite hostname="Surprise" name="com.example.tests.ContactCreationTestNG" tests="1" failures="0" timestamp="29 May 2014 08:38:56 GMT" time="1.600" errors="0">
  <testcase name="testContactCreation" time="1.600" classname="com.example.tests.ContactCreationTestNG"/>
</testsuite> <!-- com.example.tests.ContactCreationTestNG -->
